# JRE version: Java(TM) SE Runtime Environment (8.0_162-b12) (build 1.8.0_162-b12)
# Java VM: Java HotSpot(TM) 64-Bit Server VM (25.162-b12 mixed mode windows-amd64 compressed oops)
Heap:
 PSYoungGen      total 475136K, used 122742K [0x0000000756200000, 0x0000000781380000, 0x00000007c0000000)
  eden space 417280K, 29% used [0x0000000756200000,0x000000075d9dd8a8,0x000000076f980000)
  from space 57856K, 0% used [0x000000076f980000,0x000000076f980000,0x0000000773200000)
  to   space 55296K, 0% used [0x000000077dd80000,0x000000077dd80000,0x0000000781380000)
 ParOldGen       total 219648K, used 48692K [0x0000000682600000, 0x000000068fc80000, 0x0000000756200000)
  object space 219648K, 22% used [0x0000000682600000,0x000000068558d140,0x000000068fc80000)
 Metaspace       used 39922K, capacity 40830K, committed 41176K, reserved 1085440K
  class space    used 4592K, capacity 4794K, committed 4824K, reserved 1048576K
GC Heap History (10 events):
Event: 16.518 GC heap before
{Heap before GC invocations=11 (full 1):
 PSYoungGen      total 230400K, used 230391K [0x0000000756200000, 0x000000076c780000, 0x00000007c0000000)
  eden space 203776K, 100% used [0x0000000756200000,0x0000000762900000,0x0000000762900000)
  from space 26624K, 99% used [0x0000000762900000,0x00000007642fdf10,0x0000000764300000)
  to   space 35328K, 0% used [0x000000076a500000,0x000000076a500000,0x000000076c780000)
 ParOldGen       total 138752K, used 41035K [0x0000000682600000, 0x000000068ad80000, 0x0000000756200000)
  object space 138752K, 29% used [0x0000000682600000,0x0000000684e12c78,0x000000068ad80000)
 Metaspace       used 25898K, capacity 26500K, committed 26624K, reserved 1073152K
  class space    used 2927K, capacity 3034K, committed 3072K, reserved 1048576K
Event: 16.622 GC heap after
Heap after GC invocations=11 (full 1):
 PSYoungGen      total 323584K, used 35296K [0x0000000756200000, 0x000000076d880000, 0x00000007c0000000)
  eden space 288256K, 0% used [0x0000000756200000,0x0000000756200000,0x0000000767b80000)
  from space 35328K, 99% used [0x000000076a500000,0x000000076c778378,0x000000076c780000)
  to   space 42496K, 0% used [0x0000000767b80000,0x0000000767b80000,0x000000076a500000)
 ParOldGen       total 138752K, used 48212K [0x0000000682600000, 0x000000068ad80000, 0x0000000756200000)
  object space 138752K, 34% used [0x0000000682600000,0x0000000685515080,0x000000068ad80000)
 Metaspace       used 25898K, capacity 26500K, committed 26624K, reserved 1073152K
  class space    used 2927K, capacity 3034K, committed 3072K, reserved 1048576K
}
Event: 19.598 GC heap before
{Heap before GC invocations=12 (full 1):
 PSYoungGen      total 323584K, used 323552K [0x0000000756200000, 0x000000076d880000, 0x00000007c0000000)
  eden space 288256K, 100% used [0x0000000756200000,0x0000000767b80000,0x0000000767b80000)
  from space 35328K, 99% used [0x000000076a500000,0x000000076c778378,0x000000076c780000)
  to   space 42496K, 0% used [0x0000000767b80000,0x0000000767b80000,0x000000076a500000)
 ParOldGen       total 138752K, used 48212K [0x0000000682600000, 0x000000068ad80000, 0x0000000756200000)
  object space 138752K, 34% used [0x0000000682600000,0x0000000685515080,0x000000068ad80000)
 Metaspace       used 25900K, capacity 26500K, committed 26624K, reserved 1073152K
  class space    used 2927K, capacity 3034K, committed 3072K, reserved 1048576K
Event: 19.695 GC heap after
Heap after GC invocations=12 (full 1):
 PSYoungGen      total 330752K, used 42477K [0x0000000756200000, 0x0000000776680000, 0x00000007c0000000)
  eden space 288256K, 0% used [0x0000000756200000,0x0000000756200000,0x0000000767b80000)
  from space 42496K, 99% used [0x0000000767b80000,0x000000076a4fb598,0x000000076a500000)
  to   space 53760K, 0% used [0x0000000773200000,0x0000000773200000,0x0000000776680000)
 ParOldGen       total 138752K, used 63736K [0x0000000682600000, 0x000000068ad80000, 0x0000000756200000)
  object space 138752K, 45% used [0x0000000682600000,0x000000068643e130,0x000000068ad80000)
 Metaspace       used 25900K, capacity 26500K, committed 26624K, reserved 1073152K
  class space    used 2927K, capacity 3034K, committed 3072K, reserved 1048576K
}
Event: 24.147 GC heap before
{Heap before GC invocations=13 (full 1):
 PSYoungGen      total 330752K, used 330733K [0x0000000756200000, 0x0000000776680000, 0x00000007c0000000)
  eden space 288256K, 100% used [0x0000000756200000,0x0000000767b80000,0x0000000767b80000)
  from space 42496K, 99% used [0x0000000767b80000,0x000000076a4fb598,0x000000076a500000)
  to   space 53760K, 0% used [0x0000000773200000,0x0000000773200000,0x0000000776680000)
 ParOldGen       total 138752K, used 63736K [0x0000000682600000, 0x000000068ad80000, 0x0000000756200000)
  object space 138752K, 45% used [0x0000000682600000,0x000000068643e130,0x000000068ad80000)
 Metaspace       used 25920K, capacity 26572K, committed 26624K, reserved 1073152K
  class space    used 2930K, capacity 3038K, committed 3072K, reserved 1048576K
Event: 24.231 GC heap after
Heap after GC invocations=13 (full 1):
 PSYoungGen      total 471040K, used 42981K [0x0000000756200000, 0x0000000776b00000, 0x00000007c0000000)
  eden space 417280K, 0% used [0x0000000756200000,0x0000000756200000,0x000000076f980000)
  from space 53760K, 79% used [0x0000000773200000,0x0000000775bf9680,0x0000000776680000)
  to   space 57856K, 0% used [0x000000076f980000,0x000000076f980000,0x0000000773200000)
 ParOldGen       total 138752K, used 72514K [0x0000000682600000, 0x000000068ad80000, 0x0000000756200000)
  object space 138752K, 52% used [0x0000000682600000,0x0000000686cd0a10,0x000000068ad80000)
 Metaspace       used 25920K, capacity 26572K, committed 26624K, reserved 1073152K
  class space    used 2930K, capacity 3038K, committed 3072K, reserved 1048576K
}
Event: 29.986 GC heap before
{Heap before GC invocations=14 (full 1):
 PSYoungGen      total 471040K, used 300608K [0x0000000756200000, 0x0000000776b00000, 0x00000007c0000000)
  eden space 417280K, 61% used [0x0000000756200000,0x0000000765d96a70,0x000000076f980000)
  from space 53760K, 79% used [0x0000000773200000,0x0000000775bf9680,0x0000000776680000)
  to   space 57856K, 0% used [0x000000076f980000,0x000000076f980000,0x0000000773200000)
 ParOldGen       total 138752K, used 72514K [0x0000000682600000, 0x000000068ad80000, 0x0000000756200000)
  object space 138752K, 52% used [0x0000000682600000,0x0000000686cd0a10,0x000000068ad80000)
 Metaspace       used 34485K, capacity 35222K, committed 35416K, reserved 1081344K
  class space    used 3936K, capacity 4124K, committed 4184K, reserved 1048576K
Event: 30.050 GC heap after
Heap after GC invocations=14 (full 1):
 PSYoungGen      total 475136K, used 21947K [0x0000000756200000, 0x0000000781380000, 0x00000007c0000000)
  eden space 417280K, 0% used [0x0000000756200000,0x0000000756200000,0x000000076f980000)
  from space 57856K, 37% used [0x000000076f980000,0x0000000770eeee40,0x0000000773200000)
  to   space 55296K, 0% used [0x000000077dd80000,0x000000077dd80000,0x0000000781380000)
 ParOldGen       total 138752K, used 76651K [0x0000000682600000, 0x000000068ad80000, 0x0000000756200000)
  object space 138752K, 55% used [0x0000000682600000,0x00000006870dac90,0x000000068ad80000)
 Metaspace       used 34485K, capacity 35222K, committed 35416K, reserved 1081344K
  class space    used 3936K, capacity 4124K, committed 4184K, reserved 1048576K
}
Event: 30.050 GC heap before
{Heap before GC invocations=15 (full 2):
 PSYoungGen      total 475136K, used 21947K [0x0000000756200000, 0x0000000781380000, 0x00000007c0000000)
  eden space 417280K, 0% used [0x0000000756200000,0x0000000756200000,0x000000076f980000)
  from space 57856K, 37% used [0x000000076f980000,0x0000000770eeee40,0x0000000773200000)
  to   space 55296K, 0% used [0x000000077dd80000,0x000000077dd80000,0x0000000781380000)
 ParOldGen       total 138752K, used 76651K [0x0000000682600000, 0x000000068ad80000, 0x0000000756200000)
  object space 138752K, 55% used [0x0000000682600000,0x00000006870dac90,0x000000068ad80000)
 Metaspace       used 34485K, capacity 35222K, committed 35416K, reserved 1081344K
  class space    used 3936K, capacity 4124K, committed 4184K, reserved 1048576K
Event: 30.253 GC heap after
Heap after GC invocations=15 (full 2):
 PSYoungGen      total 475136K, used 0K [0x0000000756200000, 0x0000000781380000, 0x00000007c0000000)
  eden space 417280K, 0% used [0x0000000756200000,0x0000000756200000,0x000000076f980000)
  from space 57856K, 0% used [0x000000076f980000,0x000000076f980000,0x0000000773200000)
  to   space 55296K, 0% used [0x000000077dd80000,0x000000077dd80000,0x0000000781380000)
 ParOldGen       total 219648K, used 48692K [0x0000000682600000, 0x000000068fc80000, 0x0000000756200000)
  object space 219648K, 22% used [0x0000000682600000,0x000000068558d140,0x000000068fc80000)
 Metaspace       used 34485K, capacity 35222K, committed 35416K, reserved 1081344K
  class space    used 3936K, capacity 4124K, committed 4184K, reserved 1048576K
}

